commit d05e6867b238af8cd66238e0c0f620f3a954f288
Merge: 7cde2b7 d95b15f
Author: shimo-12 <shimoda3207@gmail.com>
Date:   Mon May 25 14:06:51 2026 +0900

    Merge branch 'main' of https://github.com/shimo-12/RDL-tetris

commit 7cde2b79ac23947b856de58f1f87c8d8a19610a8
Author: shimo-12 <shimoda3207@gmail.com>
Date:   Mon May 25 13:58:28 2026 +0900

    blueをskyblueに変更

commit d95b15ffa98463a073212327dde9e191e7d57a91
Author: shimo-12 <shimoda3207@gmail.com>
Date:   Mon May 25 13:57:02 2026 +0900

    cyanをskyblueに変更

commit cfa161c010ebef457d4580238a1fa6f8a82b1c13
Author: shimo-12 <shimoda3207@gmail.com>
Date:   Mon May 25 13:52:34 2026 +0900

    ミノが落ちてくる速度を変更
    
    400から1000に変更

commit 2de71feca976b4b75c0e3993b8a41a50723ecfe0
Author: shimo-12 <shimoda3207@gmail.com>
Date:   Mon May 25 13:43:20 2026 +0900

    ミノの色を変更
    
    深緑を明るい緑に変更

commit e7701a9aef6c15b1ee8152bce919af6a9508e5f3
Author: shimo-12 <shimoda3207@gmail.com>
Date:   Mon May 25 13:29:46 2026 +0900

    canvas-tetrisのソースコードをインポート
